<?xml version="1.0" encoding="UTF-8"?>
<testng-results ignored="0" total="1" passed="1" failed="0" skipped="0">
  <reporter-output>
  </reporter-output>
  <suite started-at="2022-03-05T15:00:37 IST" name="Suite" finished-at="2022-03-05T15:00:37 IST" duration-ms="51">
    <groups>
    </groups>
    <test started-at="2022-03-05T15:00:37 IST" name="Test" finished-at="2022-03-05T15:00:37 IST" duration-ms="51">
      <class name="Test_1.Jenkins">
        <test-method signature="test()[pri:0, instance:Test_1.Jenkins@4de4b452]" started-at="2022-03-05T15:00:37 IST" name="test" finished-at="2022-03-05T15:00:37 IST" duration-ms="11" status="PASS">
          <reporter-output>
          </reporter-output>
        </test-method> <!-- test -->
      </class> <!-- Test_1.Jenkins -->
    </test> <!-- Test -->
  </suite> <!-- Suite -->
</testng-results>
