<?xml version="1.0" encoding="UTF-8"?>
<testng-results skipped="0" failed="0" total="1" passed="1">
  <reporter-output>
  </reporter-output>
  <suite name="Suite" duration-ms="30" started-at="2022-03-05T15:25:02Z" finished-at="2022-03-05T15:25:02Z">
    <groups>
    </groups>
    <test name="Test" duration-ms="30" started-at="2022-03-05T15:25:02Z" finished-at="2022-03-05T15:25:02Z">
      <class name="Test_1.Jenkins">
        <test-method status="PASS" signature="test()" name="test" duration-ms="16" started-at="2022-03-05T15:25:02Z" finished-at="2022-03-05T15:25:02Z">
        </test-method>
      </class>
    </test>
  </suite>
</testng-results>
